<?xml version="1.0" encoding="UTF-8" ?>
<testsuite errors="0" failures="0" hostname="Matthias-PC" name="at.technikum.wien.winterhalder.kreuzriegler.swp.clock.test.CommandFactoryTest" tests="8" time="0.114" timestamp="2014-05-14T19:18:11">
  <properties>
[...]
</properties>
  <testcase classname="at.technikum.wien.winterhalder.kreuzriegler.swp.clock.test.CommandFactoryTest" name="testDec" time="0.01" />
  <testcase classname="at.technikum.wien.winterhalder.kreuzriegler.swp.clock.test.CommandFactoryTest" name="testInc" time="0.002" />
  <testcase classname="at.technikum.wien.winterhalder.kreuzriegler.swp.clock.test.CommandFactoryTest" name="testInc2" time="0.001" />
  <testcase classname="at.technikum.wien.winterhalder.kreuzriegler.swp.clock.test.CommandFactoryTest" name="testInc3" time="0.0" />
  <testcase classname="at.technikum.wien.winterhalder.kreuzriegler.swp.clock.test.CommandFactoryTest" name="testShow" time="0.009" />
  <testcase classname="at.technikum.wien.winterhalder.kreuzriegler.swp.clock.test.CommandFactoryTest" name="testCommandInvalid" time="0.001" />
  <testcase classname="at.technikum.wien.winterhalder.kreuzriegler.swp.clock.test.CommandFactoryTest" name="testCommandInvalid2" time="0.001" />
  <testcase classname="at.technikum.wien.winterhalder.kreuzriegler.swp.clock.test.CommandFactoryTest" name="testCommandInvalid3" time="0.0" />
  <system-out><![CDATA[]]></system-out>
  <system-err><![CDATA[]]></system-err>
</testsuite>
